[2022-01-03 20:16:18] development.ERROR: rename(/home/josh/plugin-machine-php-cli/plugin-machine.phar,/home/josh/plugin-machine-php-cli/builds/plugin-machine): No such file or directory {"exception":"[object] (ErrorException(code: 0): rename(/home/josh/plugin-machine-php-cli/plugin-machine.phar,/home/josh/plugin-machine-php-cli/builds/plugin-machine): No such file or directory at /home/josh/plugin-machine-php-cli/vendor/illuminate/filesystem/Filesystem.php:305)
[stacktrace]
#0 [internal function]: Illuminate\\Foundation\\Bootstrap\\HandleExceptions->handleError()
#1 /home/josh/plugin-machine-php-cli/vendor/illuminate/filesystem/Filesystem.php(305): rename()
#2 /home/josh/plugin-machine-php-cli/vendor/illuminate/support/Facades/Facade.php(261): Illuminate\\Filesystem\\Filesystem->move()
#3 /home/josh/plugin-machine-php-cli/vendor/laravel-zero/framework/src/Commands/BuildCommand.php(143): Illuminate\\Support\\Facades\\Facade::__callStatic()
#4 /home/josh/plugin-machine-php-cli/vendor/laravel-zero/framework/src/Commands/BuildCommand.php(93): LaravelZero\\Framework\\Commands\\BuildCommand->compile()
#5 /home/josh/plugin-machine-php-cli/vendor/laravel-zero/framework/src/Commands/BuildCommand.php(71): LaravelZero\\Framework\\Commands\\BuildCommand->build()
#6 /home/josh/plugin-machine-php-cli/vendor/illuminate/container/BoundMethod.php(36): LaravelZero\\Framework\\Commands\\BuildCommand->handle()
#7 /home/josh/plugin-machine-php-cli/vendor/illuminate/container/Util.php(40): Illuminate\\Container\\BoundMethod::Illuminate\\Container\\{closure}()
#8 /home/josh/plugin-machine-php-cli/vendor/illuminate/container/BoundMethod.php(93): Illuminate\\Container\\Util::unwrapIfClosure()
#9 /home/josh/plugin-machine-php-cli/vendor/illuminate/container/BoundMethod.php(37): Illuminate\\Container\\BoundMethod::callBoundMethod()
#10 /home/josh/plugin-machine-php-cli/vendor/illuminate/container/Container.php(653): Illuminate\\Container\\BoundMethod::call()
#11 /home/josh/plugin-machine-php-cli/vendor/illuminate/console/Command.php(136): Illuminate\\Container\\Container->call()
#12 /home/josh/plugin-machine-php-cli/vendor/symfony/console/Command/Command.php(298): Illuminate\\Console\\Command->execute()
#13 /home/josh/plugin-machine-php-cli/vendor/illuminate/console/Command.php(121): Symfony\\Component\\Console\\Command\\Command->run()
#14 /home/josh/plugin-machine-php-cli/vendor/laravel-zero/framework/src/Commands/BuildCommand.php(79): Illuminate\\Console\\Command->run()
#15 /home/josh/plugin-machine-php-cli/vendor/symfony/console/Application.php(1005): LaravelZero\\Framework\\Commands\\BuildCommand->run()
#16 /home/josh/plugin-machine-php-cli/vendor/symfony/console/Application.php(299): Symfony\\Component\\Console\\Application->doRunCommand()
#17 /home/josh/plugin-machine-php-cli/vendor/symfony/console/Application.php(171): Symfony\\Component\\Console\\Application->doRun()
#18 /home/josh/plugin-machine-php-cli/vendor/illuminate/console/Application.php(94): Symfony\\Component\\Console\\Application->run()
#19 /home/josh/plugin-machine-php-cli/vendor/laravel-zero/foundation/src/Illuminate/Foundation/Console/Kernel.php(129): Illuminate\\Console\\Application->run()
#20 /home/josh/plugin-machine-php-cli/vendor/laravel-zero/framework/src/Kernel.php(91): Illuminate\\Foundation\\Console\\Kernel->handle()
#21 /home/josh/plugin-machine-php-cli/plugin-machine(37): LaravelZero\\Framework\\Kernel->handle()
#22 {main}
"} 
[2022-01-03 20:18:56] development.ERROR: rename(/home/josh/plugin-machine-php-cli/plugin-machine.phar,/home/josh/plugin-machine-php-cli/builds/plugin-machine): No such file or directory {"exception":"[object] (ErrorException(code: 0): rename(/home/josh/plugin-machine-php-cli/plugin-machine.phar,/home/josh/plugin-machine-php-cli/builds/plugin-machine): No such file or directory at /home/josh/plugin-machine-php-cli/vendor/illuminate/filesystem/Filesystem.php:305)
[stacktrace]
#0 [internal function]: Illuminate\\Foundation\\Bootstrap\\HandleExceptions->handleError()
#1 /home/josh/plugin-machine-php-cli/vendor/illuminate/filesystem/Filesystem.php(305): rename()
#2 /home/josh/plugin-machine-php-cli/vendor/illuminate/support/Facades/Facade.php(261): Illuminate\\Filesystem\\Filesystem->move()
#3 /home/josh/plugin-machine-php-cli/vendor/laravel-zero/framework/src/Commands/BuildCommand.php(143): Illuminate\\Support\\Facades\\Facade::__callStatic()
#4 /home/josh/plugin-machine-php-cli/vendor/laravel-zero/framework/src/Commands/BuildCommand.php(93): LaravelZero\\Framework\\Commands\\BuildCommand->compile()
#5 /home/josh/plugin-machine-php-cli/vendor/laravel-zero/framework/src/Commands/BuildCommand.php(71): LaravelZero\\Framework\\Commands\\BuildCommand->build()
#6 /home/josh/plugin-machine-php-cli/vendor/illuminate/container/BoundMethod.php(36): LaravelZero\\Framework\\Commands\\BuildCommand->handle()
#7 /home/josh/plugin-machine-php-cli/vendor/illuminate/container/Util.php(40): Illuminate\\Container\\BoundMethod::Illuminate\\Container\\{closure}()
#8 /home/josh/plugin-machine-php-cli/vendor/illuminate/container/BoundMethod.php(93): Illuminate\\Container\\Util::unwrapIfClosure()
#9 /home/josh/plugin-machine-php-cli/vendor/illuminate/container/BoundMethod.php(37): Illuminate\\Container\\BoundMethod::callBoundMethod()
#10 /home/josh/plugin-machine-php-cli/vendor/illuminate/container/Container.php(653): Illuminate\\Container\\BoundMethod::call()
#11 /home/josh/plugin-machine-php-cli/vendor/illuminate/console/Command.php(136): Illuminate\\Container\\Container->call()
#12 /home/josh/plugin-machine-php-cli/vendor/symfony/console/Command/Command.php(298): Illuminate\\Console\\Command->execute()
#13 /home/josh/plugin-machine-php-cli/vendor/illuminate/console/Command.php(121): Symfony\\Component\\Console\\Command\\Command->run()
#14 /home/josh/plugin-machine-php-cli/vendor/laravel-zero/framework/src/Commands/BuildCommand.php(79): Illuminate\\Console\\Command->run()
#15 /home/josh/plugin-machine-php-cli/vendor/symfony/console/Application.php(1005): LaravelZero\\Framework\\Commands\\BuildCommand->run()
#16 /home/josh/plugin-machine-php-cli/vendor/symfony/console/Application.php(299): Symfony\\Component\\Console\\Application->doRunCommand()
#17 /home/josh/plugin-machine-php-cli/vendor/symfony/console/Application.php(171): Symfony\\Component\\Console\\Application->doRun()
#18 /home/josh/plugin-machine-php-cli/vendor/illuminate/console/Application.php(94): Symfony\\Component\\Console\\Application->run()
#19 /home/josh/plugin-machine-php-cli/vendor/laravel-zero/foundation/src/Illuminate/Foundation/Console/Kernel.php(129): Illuminate\\Console\\Application->run()
#20 /home/josh/plugin-machine-php-cli/vendor/laravel-zero/framework/src/Kernel.php(91): Illuminate\\Foundation\\Console\\Kernel->handle()
#21 /home/josh/plugin-machine-php-cli/plugin-machine(37): LaravelZero\\Framework\\Kernel->handle()
#22 {main}
"} 
[2022-01-03 20:20:53] development.ERROR: rename(/home/josh/plugin-machine-php-cli/plugin-machine.phar,/home/josh/plugin-machine-php-cli/builds/plugin-machine): No such file or directory {"exception":"[object] (ErrorException(code: 0): rename(/home/josh/plugin-machine-php-cli/plugin-machine.phar,/home/josh/plugin-machine-php-cli/builds/plugin-machine): No such file or directory at /home/josh/plugin-machine-php-cli/vendor/illuminate/filesystem/Filesystem.php:305)
[stacktrace]
#0 [internal function]: Illuminate\\Foundation\\Bootstrap\\HandleExceptions->handleError()
#1 /home/josh/plugin-machine-php-cli/vendor/illuminate/filesystem/Filesystem.php(305): rename()
#2 /home/josh/plugin-machine-php-cli/vendor/illuminate/support/Facades/Facade.php(261): Illuminate\\Filesystem\\Filesystem->move()
#3 /home/josh/plugin-machine-php-cli/vendor/laravel-zero/framework/src/Commands/BuildCommand.php(143): Illuminate\\Support\\Facades\\Facade::__callStatic()
#4 /home/josh/plugin-machine-php-cli/vendor/laravel-zero/framework/src/Commands/BuildCommand.php(93): LaravelZero\\Framework\\Commands\\BuildCommand->compile()
#5 /home/josh/plugin-machine-php-cli/vendor/laravel-zero/framework/src/Commands/BuildCommand.php(71): LaravelZero\\Framework\\Commands\\BuildCommand->build()
#6 /home/josh/plugin-machine-php-cli/vendor/illuminate/container/BoundMethod.php(36): LaravelZero\\Framework\\Commands\\BuildCommand->handle()
#7 /home/josh/plugin-machine-php-cli/vendor/illuminate/container/Util.php(40): Illuminate\\Container\\BoundMethod::Illuminate\\Container\\{closure}()
#8 /home/josh/plugin-machine-php-cli/vendor/illuminate/container/BoundMethod.php(93): Illuminate\\Container\\Util::unwrapIfClosure()
#9 /home/josh/plugin-machine-php-cli/vendor/illuminate/container/BoundMethod.php(37): Illuminate\\Container\\BoundMethod::callBoundMethod()
#10 /home/josh/plugin-machine-php-cli/vendor/illuminate/container/Container.php(653): Illuminate\\Container\\BoundMethod::call()
#11 /home/josh/plugin-machine-php-cli/vendor/illuminate/console/Command.php(136): Illuminate\\Container\\Container->call()
#12 /home/josh/plugin-machine-php-cli/vendor/symfony/console/Command/Command.php(298): Illuminate\\Console\\Command->execute()
#13 /home/josh/plugin-machine-php-cli/vendor/illuminate/console/Command.php(121): Symfony\\Component\\Console\\Command\\Command->run()
#14 /home/josh/plugin-machine-php-cli/vendor/laravel-zero/framework/src/Commands/BuildCommand.php(79): Illuminate\\Console\\Command->run()
#15 /home/josh/plugin-machine-php-cli/vendor/symfony/console/Application.php(1005): LaravelZero\\Framework\\Commands\\BuildCommand->run()
#16 /home/josh/plugin-machine-php-cli/vendor/symfony/console/Application.php(299): Symfony\\Component\\Console\\Application->doRunCommand()
#17 /home/josh/plugin-machine-php-cli/vendor/symfony/console/Application.php(171): Symfony\\Component\\Console\\Application->doRun()
#18 /home/josh/plugin-machine-php-cli/vendor/illuminate/console/Application.php(94): Symfony\\Component\\Console\\Application->run()
#19 /home/josh/plugin-machine-php-cli/vendor/laravel-zero/foundation/src/Illuminate/Foundation/Console/Kernel.php(129): Illuminate\\Console\\Application->run()
#20 /home/josh/plugin-machine-php-cli/vendor/laravel-zero/framework/src/Kernel.php(91): Illuminate\\Foundation\\Console\\Kernel->handle()
#21 /home/josh/plugin-machine-php-cli/plugin-machine(37): LaravelZero\\Framework\\Kernel->handle()
#22 {main}
"} 
